  LogFile 

boris the client placed an order 

masha the client placed an order 

prezident the client placed an order 

Tax Audit the client placed an order 

vasya the client placed an order 

petya the client placed an order 

boris the customer received his order 

masha the customer received his order 

prezident the customer received his order 

Tax Audit the customer received his order 

vasya the customer received his order 

petya the customer received his order 

boris the client received a refund 1 goods, due to: breaking, for the amount: 2.99

prezident the client received a refund 2 goods, due to: breaking, for the amount: 2.99

Tax Audit the client received a refund 2 goods, due to: breaking, for the amount: 2.99

petya the client received a refund 2 goods, due to: breaking, for the amount: 2.99

boris the client left the queue 

masha the client left the queue 

prezident the client left the queue 

Tax Audit the client left the queue 

vasya the client left the queue 

petya the client left the queue 

boris the customer left the store 

masha the customer left the store 

prezident the customer left the store 

Tax Audit the customer left the store 

vasya the customer left the store 

petya the customer left the store 
